<?xml version="1.0" encoding="UTF-8"?>
<!-- Generated by org.testng.reporters.JUnitReportReporter -->
<testsuite hostname="Drakuzz" failures="0" tests="1" name="Exercise2.NewTest" time="0.081" errors="0" timestamp="2021-02-03T11:03:39 CST" skipped="0">
  <testcase classname="Exercise2.NewTest" name="userClass" time="0.081"/>
  <system-out/>
</testsuite> <!-- Exercise2.NewTest -->
